<?xml version="1.0" encoding="UTF-8"?>
<!-- Generated by org.testng.reporters.JUnitXMLReporter -->
<testsuite ignored="0" hostname="DESKTOP-56C0EHH" failures="0" tests="3" name="Test" time="28.848" errors="0" timestamp="2023-08-02T17:02:04 IST">
  <testcase classname="testcases.TC_01_ActitimeLoginLogout" name="login" time="10.876"/>
  <testcase classname="testcases.TC_01_ActitimeLoginLogout" name="titlevalidationhomepage" time="4.807"/>
  <testcase classname="testcases.TC_01_ActitimeLoginLogout" name="logout" time="4.864"/>
</testsuite> <!-- Test -->
